  camera.cpp
C:\Users\Sam\Downloads\cmp203-resit-main (1)\cmp203-resit-main\cmp203-resit-main\cmp203-resit-main\GraphicsProgramming\GraphicsProgramming\camera.cpp(21,27): warning C4244: 'argument': conversion from 'double' to 'float', possible loss of data
C:\Users\Sam\Downloads\cmp203-resit-main (1)\cmp203-resit-main\cmp203-resit-main\cmp203-resit-main\GraphicsProgramming\GraphicsProgramming\camera.cpp(22,29): warning C4244: 'argument': conversion from 'double' to 'float', possible loss of data
C:\Users\Sam\Downloads\cmp203-resit-main (1)\cmp203-resit-main\cmp203-resit-main\cmp203-resit-main\GraphicsProgramming\GraphicsProgramming\camera.cpp(23,28): warning C4244: 'argument': conversion from 'double' to 'float', possible loss of data
C:\Users\Sam\Downloads\cmp203-resit-main (1)\cmp203-resit-main\cmp203-resit-main\cmp203-resit-main\GraphicsProgramming\GraphicsProgramming\camera.cpp(24,27): warning C4244: 'argument': conversion from 'double' to 'float', possible loss of data
C:\Users\Sam\Downloads\cmp203-resit-main (1)\cmp203-resit-main\cmp203-resit-main\cmp203-resit-main\GraphicsProgramming\GraphicsProgramming\camera.cpp(25,29): warning C4244: 'argument': conversion from 'double' to 'float', possible loss of data
C:\Users\Sam\Downloads\cmp203-resit-main (1)\cmp203-resit-main\cmp203-resit-main\cmp203-resit-main\GraphicsProgramming\GraphicsProgramming\camera.cpp(26,28): warning C4244: 'argument': conversion from 'double' to 'float', possible loss of data
  Input.cpp
  Main.cpp
  model.cpp
C:\Users\Sam\Downloads\cmp203-resit-main (1)\cmp203-resit-main\cmp203-resit-main\cmp203-resit-main\GraphicsProgramming\GraphicsProgramming\model.cpp(40,32): warning C4244: 'argument': conversion from 'float' to 'GLsizei', possible loss of data
C:\Users\Sam\Downloads\cmp203-resit-main (1)\cmp203-resit-main\cmp203-resit-main\cmp203-resit-main\GraphicsProgramming\GraphicsProgramming\model.cpp(119,20): warning C4018: '<': signed/unsigned mismatch
C:\Users\Sam\Downloads\cmp203-resit-main (1)\cmp203-resit-main\cmp203-resit-main\cmp203-resit-main\GraphicsProgramming\GraphicsProgramming\model.cpp(132,23): warning C4244: '=': conversion from 'unsigned int' to 'float', possible loss of data
  Scene.cpp
C:\Users\Sam\Downloads\cmp203-resit-main (1)\cmp203-resit-main\cmp203-resit-main\cmp203-resit-main\GraphicsProgramming\GraphicsProgramming\Scene.cpp(120,87): warning C4244: 'argument': conversion from 'int' to 'float', possible loss of data
C:\Users\Sam\Downloads\cmp203-resit-main (1)\cmp203-resit-main\cmp203-resit-main\cmp203-resit-main\GraphicsProgramming\GraphicsProgramming\Scene.cpp(120,52): warning C4244: 'argument': conversion from 'int' to 'float', possible loss of data
C:\Users\Sam\Downloads\cmp203-resit-main (1)\cmp203-resit-main\cmp203-resit-main\cmp203-resit-main\GraphicsProgramming\GraphicsProgramming\Scene.cpp(197,24): warning C4305: 'argument': truncation from 'double' to 'GLfloat'
C:\Users\Sam\Downloads\cmp203-resit-main (1)\cmp203-resit-main\cmp203-resit-main\cmp203-resit-main\GraphicsProgramming\GraphicsProgramming\Scene.cpp(322,35): warning C4244: 'argument': conversion from 'double' to 'GLfloat', possible loss of data
C:\Users\Sam\Downloads\cmp203-resit-main (1)\cmp203-resit-main\cmp203-resit-main\cmp203-resit-main\GraphicsProgramming\GraphicsProgramming\Scene.cpp(324,41): warning C4244: 'argument': conversion from 'double' to 'GLfloat', possible loss of data
C:\Users\Sam\Downloads\cmp203-resit-main (1)\cmp203-resit-main\cmp203-resit-main\cmp203-resit-main\GraphicsProgramming\GraphicsProgramming\Scene.cpp(324,22): warning C4244: 'argument': conversion from 'double' to 'GLfloat', possible loss of data
C:\Users\Sam\Downloads\cmp203-resit-main (1)\cmp203-resit-main\cmp203-resit-main\cmp203-resit-main\GraphicsProgramming\GraphicsProgramming\Scene.cpp(326,22): warning C4244: 'argument': conversion from 'double' to 'GLfloat', possible loss of data
C:\Users\Sam\Downloads\cmp203-resit-main (1)\cmp203-resit-main\cmp203-resit-main\cmp203-resit-main\GraphicsProgramming\GraphicsProgramming\Scene.cpp(334,28): warning C4244: 'argument': conversion from 'double' to 'GLfloat', possible loss of data
C:\Users\Sam\Downloads\cmp203-resit-main (1)\cmp203-resit-main\cmp203-resit-main\cmp203-resit-main\GraphicsProgramming\GraphicsProgramming\Scene.cpp(336,34): warning C4244: 'argument': conversion from 'double' to 'GLfloat', possible loss of data
C:\Users\Sam\Downloads\cmp203-resit-main (1)\cmp203-resit-main\cmp203-resit-main\cmp203-resit-main\GraphicsProgramming\GraphicsProgramming\Scene.cpp(336,20): warning C4244: 'argument': conversion from 'double' to 'GLfloat', possible loss of data
C:\Users\Sam\Downloads\cmp203-resit-main (1)\cmp203-resit-main\cmp203-resit-main\cmp203-resit-main\GraphicsProgramming\GraphicsProgramming\Scene.cpp(338,22): warning C4244: 'argument': conversion from 'double' to 'GLfloat', possible loss of data
C:\Users\Sam\Downloads\cmp203-resit-main (1)\cmp203-resit-main\cmp203-resit-main\cmp203-resit-main\GraphicsProgramming\GraphicsProgramming\Scene.cpp(347,25): warning C4244: 'argument': conversion from 'double' to 'GLfloat', possible loss of data
C:\Users\Sam\Downloads\cmp203-resit-main (1)\cmp203-resit-main\cmp203-resit-main\cmp203-resit-main\GraphicsProgramming\GraphicsProgramming\Scene.cpp(349,39): warning C4244: 'argument': conversion from 'double' to 'GLfloat', possible loss of data
C:\Users\Sam\Downloads\cmp203-resit-main (1)\cmp203-resit-main\cmp203-resit-main\cmp203-resit-main\GraphicsProgramming\GraphicsProgramming\Scene.cpp(349,23): warning C4244: 'argument': conversion from 'double' to 'GLfloat', possible loss of data
C:\Users\Sam\Downloads\cmp203-resit-main (1)\cmp203-resit-main\cmp203-resit-main\cmp203-resit-main\GraphicsProgramming\GraphicsProgramming\Scene.cpp(351,33): warning C4244: 'argument': conversion from 'double' to 'GLfloat', possible loss of data
  Shadow.cpp
C:\Users\Sam\Downloads\cmp203-resit-main (1)\cmp203-resit-main\cmp203-resit-main\cmp203-resit-main\GraphicsProgramming\GraphicsProgramming\Shadow.cpp(73,20): warning C4018: '<': signed/unsigned mismatch
C:\Users\Sam\Downloads\cmp203-resit-main (1)\cmp203-resit-main\cmp203-resit-main\cmp203-resit-main\GraphicsProgramming\GraphicsProgramming\Shadow.cpp(81,10): warning C4018: '>=': signed/unsigned mismatch
  Vector3.cpp
  Generating Code...
  LINK : C:\Users\Sam\Downloads\cmp203-resit-main (1)\cmp203-resit-main\cmp203-resit-main\cmp203-resit-main\GraphicsProgramming\Debug\GraphicsProgramming.exe not found or not built by the last incremental link; performing full link
SOIL.lib(image_DXT.obj) : warning LNK4099: PDB '' was not found with 'SOIL.lib(image_DXT.obj)' or at ''; linking object as if no debug info
SOIL.lib(image_helper.obj) : warning LNK4099: PDB 'SOIL.pdb' was not found with 'SOIL.lib(image_helper.obj)' or at 'C:\Users\Sam\Downloads\cmp203-resit-main (1)\cmp203-resit-main\cmp203-resit-main\cmp203-resit-main\GraphicsProgramming\Debug\SOIL.pdb'; linking object as if no debug info
SOIL.lib(SOIL.obj) : warning LNK4099: PDB 'SOIL.pdb' was not found with 'SOIL.lib(SOIL.obj)' or at 'C:\Users\Sam\Downloads\cmp203-resit-main (1)\cmp203-resit-main\cmp203-resit-main\cmp203-resit-main\GraphicsProgramming\Debug\SOIL.pdb'; linking object as if no debug info
SOIL.lib(stb_image_aug.obj) : warning LNK4099: PDB 'SOIL.pdb' was not found with 'SOIL.lib(stb_image_aug.obj)' or at 'C:\Users\Sam\Downloads\cmp203-resit-main (1)\cmp203-resit-main\cmp203-resit-main\cmp203-resit-main\GraphicsProgramming\Debug\SOIL.pdb'; linking object as if no debug info
  GraphicsProgramming.vcxproj -> C:\Users\Sam\Downloads\cmp203-resit-main (1)\cmp203-resit-main\cmp203-resit-main\cmp203-resit-main\GraphicsProgramming\Debug\GraphicsProgramming.exe
